
Mudanças iniciaram em 2019-05-13 12:55:08.305665.
Valor original: None.
Valor final: {'id': 1, 'name': 'Nome do curso', 'value': 1000.0}.
Mudanças finalizaram em 2019-05-13 12:55:08.305665.

Mudanças iniciaram em 2019-05-13 12:55:27.866576.
Valor original: None.
Valor final: {'id': 2, 'name': 'Nome do curso', 'value': 1000.3333}.
Mudanças finalizaram em 2019-05-13 12:55:27.866576.

Mudanças iniciaram em 2019-05-13 13:00:08.110441.
Valor original: None.
Valor final: {'id': 1, 'name': 'Nome do curso', 'value': 1000.3333}.
Mudanças finalizaram em 2019-05-13 13:00:08.110441.

Mudanças iniciaram em 2019-05-13 13:00:37.953483.
Valor original: None.
Valor final: {'id': 1, 'name': 'Nome do curso', 'value': 1000.3333}.
Mudanças finalizaram em 2019-05-13 13:00:37.953483.

Mudanças iniciaram em 2019-05-13 13:01:18.989471.
Valor original: None.
Valor final: {'id': 1, 'name': 'Nome do curso', 'value': 1000.3333}.
Mudanças finalizaram em 2019-05-13 13:01:18.989471.

Mudanças iniciaram em 2019-05-13 13:01:59.945243.
Valor original: None.
Valor final: {'id': 1, 'name': 'Nome do curso', 'value': 1000.3333}.
Mudanças finalizaram em 2019-05-13 13:01:59.945243.

Mudanças iniciaram em 2019-05-13 13:02:31.763122.
Valor original: None.
Valor final: {'id': 1, 'name': 'Nome do curso', 'value': 1000.3333}.
Mudanças finalizaram em 2019-05-13 13:02:31.763122.

Mudanças iniciaram em 2019-05-13 13:02:44.668592.
Valor original: None.
Valor final: {'id': 1, 'name': 'Nome do curso', 'value': 1000.3333}.
Mudanças finalizaram em 2019-05-13 13:02:44.669466.

Mudanças iniciaram em 2019-05-13 13:03:06.151493.
Valor original: None.
Valor final: {'id': 1, 'name': 'Nome do curso', 'value': 1000.3333}.
Mudanças finalizaram em 2019-05-13 13:03:06.151493.

Mudanças iniciaram em 2019-05-13 13:04:00.212252.
Valor original: None.
Valor final: {'id': 1, 'name': 'Nome do curso', 'value': 1000.3333}.
Mudanças finalizaram em 2019-05-13 13:04:00.212252.

Mudanças iniciaram em 2019-05-13 13:04:32.561671.
Valor original: None.
Valor final: {'id': 1, 'name': 'Nome do curso', 'value': 1000.3333}.
Mudanças finalizaram em 2019-05-13 13:04:32.561671.

Mudanças iniciaram em 2019-05-13 13:06:06.068534.
Valor original: None.
Valor final: {'id': 1, 'name': 'Nome do curso', 'value': 1000.3333}.
Mudanças finalizaram em 2019-05-13 13:06:06.069532.

Mudanças iniciaram em 2019-05-13 13:07:44.622028.
Valor original: None.
Valor final: {'id': 1, 'name': 'Nome do curso', 'value': 1000.3333}.
Mudanças finalizaram em 2019-05-13 13:07:44.623029.

Mudanças iniciaram em 2019-05-13 13:08:42.116011.
Valor original: None.
Valor final: {'id': 1, 'name': 'Nome do curso', 'value': 1000.3333}.
Mudanças finalizaram em 2019-05-13 13:08:42.116011.

Mudanças iniciaram em 2019-05-13 13:09:09.147345.
Valor original: None.
Valor final: {'id': 2, 'name': 'Nome do curso', 'value': 1000.3333}.
Mudanças finalizaram em 2019-05-13 13:09:09.147345.

Mudanças iniciaram em 2019-05-13 15:25:00.671975.
Valor original: None.
Valor final: {'id': 1, 'name': 'Sabonete', 'value': 200.0}.
Mudanças finalizaram em 2019-05-13 15:25:00.673005.

Mudanças iniciaram em 2019-05-13 15:25:00.680953.
Valor original: None.
Valor final: {'id': 2, 'name': 'SHAMPOO', 'value': 5.0}.
Mudanças finalizaram em 2019-05-13 15:25:00.680953.

Mudanças iniciaram em 2019-05-13 15:25:09.682646.
Valor original: None.
Valor final: {'id': 1, 'name': 'Sabonete', 'value': 200.0}.
Mudanças finalizaram em 2019-05-13 15:25:09.682646.

Mudanças iniciaram em 2019-05-13 15:25:09.682646.
Valor original: None.
Valor final: {'id': 2, 'name': 'SHAMPOO', 'value': 5.0}.
Mudanças finalizaram em 2019-05-13 15:25:09.682646.

Mudanças iniciaram em 2019-05-13 15:25:29.206578.
Valor original: None.
Valor final: {'id': 1, 'name': 'Sabonete', 'value': 200.0}.
Mudanças finalizaram em 2019-05-13 15:25:29.206578.

Mudanças iniciaram em 2019-05-13 15:25:29.206578.
Valor original: None.
Valor final: {'id': 2, 'name': 'SHAMPOO', 'value': 5.0}.
Mudanças finalizaram em 2019-05-13 15:25:29.206578.

Mudanças iniciaram em 2019-05-13 15:25:53.390275.
Valor original: None.
Valor final: {'id': 1, 'name': 'Sabonete', 'value': 200.0}.
Mudanças finalizaram em 2019-05-13 15:25:53.390275.

Mudanças iniciaram em 2019-05-13 15:25:53.390275.
Valor original: None.
Valor final: {'id': 2, 'name': 'SHAMPOO', 'value': 5.0}.
Mudanças finalizaram em 2019-05-13 15:25:53.390275.

Mudanças iniciaram em 2019-05-13 15:40:12.287006.
Valor original: None.
Valor final: {'id': 1, 'name': 'Sabonete', 'value': 200.0}.
Mudanças finalizaram em 2019-05-13 15:40:12.287006.

Mudanças iniciaram em 2019-05-13 15:40:12.287006.
Valor original: None.
Valor final: {'id': 2, 'name': 'SHAMPOO', 'value': 5.0}.
Mudanças finalizaram em 2019-05-13 15:40:12.287006.

Mudanças iniciaram em 2019-05-13 15:40:26.682983.
Valor original: None.
Valor final: {'id': 1, 'name': 'Sabonete', 'value': 200.0}.
Mudanças finalizaram em 2019-05-13 15:40:26.682983.

Mudanças iniciaram em 2019-05-13 15:40:26.682983.
Valor original: None.
Valor final: {'id': 2, 'name': 'SHAMPOO', 'value': 5.0}.
Mudanças finalizaram em 2019-05-13 15:40:26.682983.

Mudanças iniciaram em 2019-05-13 16:48:02.135641.
Valor original: None.
Valor final: {'id': 1, 'name': 'Sabonete', 'value': 200.0}.
Mudanças finalizaram em 2019-05-13 16:48:02.135641.

Mudanças iniciaram em 2019-05-13 16:48:02.148968.
Valor original: None.
Valor final: {'id': 2, 'name': 'SHAMPOO', 'value': 5.0}.
Mudanças finalizaram em 2019-05-13 16:48:02.148968.

Mudanças iniciaram em 2019-05-13 22:46:44.318165.
Valor original: None.
Valor final: {'id': 1, 'name': 'Sabonete', 'value': 200.0}.
Mudanças finalizaram em 2019-05-13 22:46:44.318165.

Mudanças iniciaram em 2019-05-13 22:46:44.335169.
Valor original: None.
Valor final: {'id': 2, 'name': 'SHAMPOO', 'value': 5.0}.
Mudanças finalizaram em 2019-05-13 22:46:44.335169.

Mudanças iniciaram em 2019-05-13 23:12:10.633050.
Valor original: None.
Valor final: {'id': 11, 'name': 'Condicionador 2', 'value': 100.2}.
Mudanças finalizaram em 2019-05-13 23:12:10.813676.

Mudanças iniciaram em 2019-05-13 23:12:55.000155.
Valor original: None.
Valor final: {'id': 12, 'name': 'Condicionador 2', 'value': 100.2}.
Mudanças finalizaram em 2019-05-13 23:12:55.171987.

Mudanças iniciaram em 2019-05-13 23:19:38.486004.
Valor original: None.
Valor final: {'id': 13, 'name': 'Condicionador 3', 'value': 100.2}.
Mudanças finalizaram em 2019-05-13 23:19:38.600058.

Mudanças iniciaram em 2019-05-13 23:20:20.986394.
Valor original: None.
Valor final: {'id': 14, 'name': 'Condicionador 4', 'value': 100.2}.
Mudanças finalizaram em 2019-05-13 23:20:21.163023.

Mudanças iniciaram em 2019-05-13 23:22:49.992321.
Valor original: None.
Valor final: {'id': 15, 'name': 'Condicionador 4', 'value': 100.2}.
Mudanças finalizaram em 2019-05-13 23:22:50.163116.

Mudanças iniciaram em 2019-05-13 23:23:56.535611.
Valor original: None.
Valor final: {'id': 16, 'name': 'Condicionador 5', 'value': 100.2}.
Mudanças finalizaram em 2019-05-13 23:23:56.720771.

Mudanças iniciaram em 2019-05-13 23:24:11.089859.
Valor original: None.
Valor final: {'id': 17, 'name': 'Condicionador 20', 'value': 100.2}.
Mudanças finalizaram em 2019-05-13 23:24:11.267455.

Mudanças iniciaram em 2019-05-13 23:30:13.154832.
Valor original: None.
Valor final: {'id': 19, 'name': 'Condicionador 21', 'value': 100.2}.
Mudanças finalizaram em 2019-05-13 23:30:13.333560.

Mudanças iniciaram em 2019-05-13 23:41:51.033613.
Valor original: None.
Valor final: {'id': 20, 'name': 'Condicionador 22', 'value': 100.2}.
Mudanças finalizaram em 2019-05-13 23:41:51.209618.
